<?xml version="1.0" encoding="UTF-8"?>
<testng-results ignored="0" total="1" passed="1" failed="0" skipped="0">
  <reporter-output>
  </reporter-output>
  <suite started-at="2026-03-26T19:43:42 CDT" name="Suite" finished-at="2026-03-26T19:44:07 CDT" duration-ms="24795">
    <groups>
    </groups>
    <test started-at="2026-03-26T19:43:42 CDT" name="Test" finished-at="2026-03-26T19:44:07 CDT" duration-ms="24795">
      <class name="testscripts.AdminUsersTest">
        <test-method is-config="true" signature="browserLaunch(java.lang.String)[pri:0, instance:testscripts.AdminUsersTest@ee86bcb]" started-at="2026-03-26T19:43:42 CDT" name="browserLaunch" finished-at="2026-03-26T19:43:55 CDT" duration-ms="13192" status="PASS">
          <params>
            <param index="0">
              <value>
                <![CDATA[chrome]]>
              </value>
            </param>
          </params>
          <reporter-output>
          </reporter-output>
        </test-method> <!-- browserLaunch -->
        <test-method signature="verifyWhetherUserIsAbleToAddNewUser()[pri:1, instance:testscripts.AdminUsersTest@ee86bcb]" started-at="2026-03-26T19:43:55 CDT" name="verifyWhetherUserIsAbleToAddNewUser" description="To verify user can create a New User" finished-at="2026-03-26T19:44:07 CDT" duration-ms="11554" status="PASS">
          <reporter-output>
          </reporter-output>
        </test-method> <!-- verifyWhetherUserIsAbleToAddNewUser -->
        <test-method is-config="true" signature="driverQuit(org.testng.ITestResult)[pri:0, instance:testscripts.AdminUsersTest@ee86bcb]" started-at="2026-03-26T19:44:07 CDT" name="driverQuit" finished-at="2026-03-26T19:44:07 CDT" duration-ms="1" status="PASS">
          <params>
            <param index="0">
              <value>
                <![CDATA[[TestResult name=verifyWhetherUserIsAbleToAddNewUser status=SUCCESS method=AdminUsersTest.verifyWhetherUserIsAbleToAddNewUser()[pri:1, instance:testscripts.AdminUsersTest@ee86bcb] output={null}]]]>
              </value>
            </param>
          </params>
          <reporter-output>
          </reporter-output>
        </test-method> <!-- driverQuit -->
      </class> <!-- testscripts.AdminUsersTest -->
    </test> <!-- Test -->
  </suite> <!-- Suite -->
</testng-results>
