<?xml version="1.0" encoding="UTF-8"?>
<testng-results ignored="0" total="1" passed="1" failed="0" skipped="0">
  <reporter-output>
  </reporter-output>
  <suite started-at="2026-03-29T22:51:26 CDT" name="Suite" finished-at="2026-03-29T22:51:41 CDT" duration-ms="14522">
    <groups>
    </groups>
    <test started-at="2026-03-29T22:51:26 CDT" name="Test" finished-at="2026-03-29T22:51:41 CDT" duration-ms="14522">
      <class name="testscripts.AdminUsersTest">
        <test-method is-config="true" signature="browserLaunch(java.lang.String)[pri:0, instance:testscripts.AdminUsersTest@466276d8]" started-at="2026-03-29T22:51:26 CDT" name="browserLaunch" finished-at="2026-03-29T22:51:35 CDT" duration-ms="9100" status="PASS">
          <params>
            <param index="0">
              <value>
                <![CDATA[chrome]]>
              </value>
            </param>
          </params>
          <reporter-output>
          </reporter-output>
        </test-method> <!-- browserLaunch -->
        <test-method signature="verifyWhetherUserIsAbleToReset()[pri:3, instance:testscripts.AdminUsersTest@466276d8]" started-at="2026-03-29T22:51:35 CDT" name="verifyWhetherUserIsAbleToReset" description="To verify user can reset admin users screen" finished-at="2026-03-29T22:51:40 CDT" duration-ms="5108" status="PASS">
          <reporter-output>
          </reporter-output>
        </test-method> <!-- verifyWhetherUserIsAbleToReset -->
        <test-method is-config="true" signature="driverQuit(org.testng.ITestResult)[pri:0, instance:testscripts.AdminUsersTest@466276d8]" started-at="2026-03-29T22:51:40 CDT" name="driverQuit" finished-at="2026-03-29T22:51:41 CDT" duration-ms="264" status="PASS">
          <params>
            <param index="0">
              <value>
                <![CDATA[[TestResult name=verifyWhetherUserIsAbleToReset status=SUCCESS method=AdminUsersTest.verifyWhetherUserIsAbleToReset()[pri:3, instance:testscripts.AdminUsersTest@466276d8] output={null}]]]>
              </value>
            </param>
          </params>
          <reporter-output>
          </reporter-output>
        </test-method> <!-- driverQuit -->
      </class> <!-- testscripts.AdminUsersTest -->
    </test> <!-- Test -->
  </suite> <!-- Suite -->
</testng-results>
