<?xml version="1.0" encoding="UTF-8"?>
<!-- Generated by org.testng.reporters.JUnitXMLReporter -->
<testsuite ignored="2" hostname="LAPTOP-SC80A1J2" failures="0" tests="1" name="Test" time="24.795" errors="0" timestamp="2026-03-26T19:44:07 CDT">
  <testcase classname="testscripts.AdminUsersTest" name="verifyWhetherUserIsAbleToAddNewUser" time="11.554"/>
  <testcase classname="testscripts.AdminUsersTest" name="verifyWhetherUserIsAbleToSearchUser" time="0.0">
    <ignored/>
  </testcase> <!-- verifyWhetherUserIsAbleToSearchUser -->
  <testcase classname="testscripts.AdminUsersTest" name="verifyWhetherUserIsAbleToReset" time="0.0">
    <ignored/>
  </testcase> <!-- verifyWhetherUserIsAbleToReset -->
</testsuite> <!-- Test -->
