<?xml version="1.0" encoding="UTF-8"?>
<!-- Generated by org.testng.reporters.JUnitXMLReporter -->
<testsuite ignored="2" hostname="LAPTOP-SC80A1J2" failures="0" tests="1" name="Test" time="14.522" errors="0" timestamp="2026-03-29T22:51:41 CDT">
  <testcase classname="testscripts.AdminUsersTest" name="verifyWhetherUserIsAbleToReset" time="5.108"/>
  <testcase classname="testscripts.AdminUsersTest" name="verifyWhetherUserIsAbleToAddNewUser" time="0.0">
    <ignored/>
  </testcase> <!-- verifyWhetherUserIsAbleToAddNewUser -->
  <testcase classname="testscripts.AdminUsersTest" name="verifyWhetherUserIsAbleToSearchUser" time="0.0">
    <ignored/>
  </testcase> <!-- verifyWhetherUserIsAbleToSearchUser -->
</testsuite> <!-- Test -->
