<?xml version="1.0" encoding="UTF-8"?>
<!-- Generated by org.testng.reporters.JUnitXMLReporter -->
<testsuite ignored="0" hostname="LAPTOP-SC80A1J2" failures="0" tests="3" name="Test1" time="64.656" errors="0" timestamp="2026-03-23T21:43:32 CDT">
  <testcase classname="testscripts.ManageNewsTest" name="verifyWhetherUserIsAbleToAddNews" time="9.353"/>
  <testcase classname="testscripts.ManageNewsTest" name="verifyWhetherUserIsAbleToSearchNews" time="5.075"/>
  <testcase classname="testscripts.ManageNewsTest" name="verifyWhetherUserIsAbleToResetAfterNewsSearch" time="10.728"/>
</testsuite> <!-- Test1 -->
